0 info it worked if it ends with ok
1 verbose cli [ 'D:\\software\\dev\\nodejs\\node.exe',
1 verbose cli   'C:\\Users\\qianlu\\AppData\\Roaming\\npm\\node_modules\\npm\\bin\\npm-cli.js',
1 verbose cli   'start' ]
2 info using npm@3.10.6
3 info using node@v4.6.0
4 verbose run-script [ 'prestart', 'start', 'poststart' ]
5 info lifecycle webpack_scaffold@1.0.0~prestart: webpack_scaffold@1.0.0
6 silly lifecycle webpack_scaffold@1.0.0~prestart: no script for prestart, continuing
7 info lifecycle webpack_scaffold@1.0.0~start: webpack_scaffold@1.0.0
8 verbose lifecycle webpack_scaffold@1.0.0~start: unsafe-perm in lifecycle true
9 verbose lifecycle webpack_scaffold@1.0.0~start: PATH: C:\Users\qianlu\AppData\Roaming\npm\node_modules\npm\bin\node-gyp-bin;D:\work\mygitrep\scaffoldsForFE\examples\webpack_scaffold2\node_modules\.bin;C:\ProgramData\Oracle\Java\javapath;C:\Ruby23-x64\bin;C:\Program Files (x86)\Intel\iCLS Client\;C:\Program Files\Intel\iCLS Client\;C:\Windows\system32;C:\Windows;C:\Windows\System32\Wbem;C:\Windows\System32\WindowsPowerShell\v1.0\;C:\Program Files (x86)\ATI Technologies\ATI.ACE\Core-Static;C:\Program Files\Intel\Intel(R) Management Engine Components\DAL;C:\Program Files\Intel\Intel(R) Management Engine Components\IPT;C:\Program Files (x86)\Intel\Intel(R) Management Engine Components\DAL;C:\Program Files (x86)\Intel\Intel(R) Management Engine Components\IPT;D:\software\proTools\Git\cmd;D:\software\proTools\TortoiseSVN\bin;C:\Users\qianlu\AppData\Roaming\npm;%JAVA_HOME%\bin;%JAVA_HOME%\jre\bin;%MAVEN_HOME%\bin;D:\software\dev\Java\jdk1.8.0\bin;D:\software\dev\apache-maven-3.0.2\bin;D:\software\dev\jdk6u10\bin;D:\software\dev\nodejs\;C:\Users\qianlu\AppData\Roaming\npm
10 verbose lifecycle webpack_scaffold@1.0.0~start: CWD: D:\work\mygitrep\scaffoldsForFE\examples\webpack_scaffold2
11 silly lifecycle webpack_scaffold@1.0.0~start: Args: [ '/d /s /c',
11 silly lifecycle   'webpack-dev-server --port 8080 --hot --inline --progress --colors --devtool eval' ]
12 silly lifecycle webpack_scaffold@1.0.0~start: Returned: code: 1  signal: null
13 info lifecycle webpack_scaffold@1.0.0~start: Failed to exec start script
14 verbose stack Error: webpack_scaffold@1.0.0 start: `webpack-dev-server --port 8080 --hot --inline --progress --colors --devtool eval`
14 verbose stack Exit status 1
14 verbose stack     at EventEmitter.<anonymous> (C:\Users\qianlu\AppData\Roaming\npm\node_modules\npm\lib\utils\lifecycle.js:255:16)
14 verbose stack     at emitTwo (events.js:87:13)
14 verbose stack     at EventEmitter.emit (events.js:172:7)
14 verbose stack     at ChildProcess.<anonymous> (C:\Users\qianlu\AppData\Roaming\npm\node_modules\npm\lib\utils\spawn.js:40:14)
14 verbose stack     at emitTwo (events.js:87:13)
14 verbose stack     at ChildProcess.emit (events.js:172:7)
14 verbose stack     at maybeClose (internal/child_process.js:829:16)
14 verbose stack     at Process.ChildProcess._handle.onexit (internal/child_process.js:211:5)
15 verbose pkgid webpack_scaffold@1.0.0
16 verbose cwd D:\work\mygitrep\scaffoldsForFE\examples\webpack_scaffold2
17 error Windows_NT 6.1.7601
18 error argv "D:\\software\\dev\\nodejs\\node.exe" "C:\\Users\\qianlu\\AppData\\Roaming\\npm\\node_modules\\npm\\bin\\npm-cli.js" "start"
19 error node v4.6.0
20 error npm  v3.10.6
21 error code ELIFECYCLE
22 error webpack_scaffold@1.0.0 start: `webpack-dev-server --port 8080 --hot --inline --progress --colors --devtool eval`
22 error Exit status 1
23 error Failed at the webpack_scaffold@1.0.0 start script 'webpack-dev-server --port 8080 --hot --inline --progress --colors --devtool eval'.
23 error Make sure you have the latest version of node.js and npm installed.
23 error If you do, this is most likely a problem with the webpack_scaffold package,
23 error not with npm itself.
23 error Tell the author that this fails on your system:
23 error     webpack-dev-server --port 8080 --hot --inline --progress --colors --devtool eval
23 error You can get information on how to open an issue for this project with:
23 error     npm bugs webpack_scaffold
23 error Or if that isn't available, you can get their info via:
23 error     npm owner ls webpack_scaffold
23 error There is likely additional logging output above.
24 verbose exit [ 1, true ]
